  test.c
E:\Project\C\test_0906_3\test.c(7,12): warning C4477: “printf”: 格式字符串“%ld”需要类型“long”的参数，但可变参数 1 拥有了类型“size_t”
E:\Project\C\test_0906_3\test.c(7,12): message : 请考虑在格式字符串中使用“%zd”
E:\Project\C\test_0906_3\test.c(8,12): warning C4477: “printf”: 格式字符串“%ld”需要类型“long”的参数，但可变参数 1 拥有了类型“size_t”
E:\Project\C\test_0906_3\test.c(8,12): message : 请考虑在格式字符串中使用“%zd”
E:\Project\C\test_0906_3\test.c(9,5): warning C4013: “typeof”未定义；假设外部返回 int
E:\Project\C\test_0906_3\test.c(9,17): error C2146: 语法错误: 缺少“;”(在标识符“b”的前面)
E:\Project\C\test_0906_3\test.c(9,18): error C2065: “b”: 未声明的标识符
E:\Project\C\test_0906_3\test.c(10,29): error C2065: “b”: 未声明的标识符
E:\Project\C\test_0906_3\test.c(10,12): warning C4477: “printf”: 格式字符串“%ld”需要类型“long”的参数，但可变参数 1 拥有了类型“size_t”
E:\Project\C\test_0906_3\test.c(10,12): message : 请考虑在格式字符串中使用“%zd”
