  test.cpp
C:\Program Files\Microsoft Visual Studio\2022\Community\MSBuild\Microsoft\VC\v170\Microsoft.CppCommon.targets(700,5): error MSB6006: “CL.exe”已退出，代码为 2。
E:\Project\C\test_0717_1\test.cpp(28): error C4700: 使用了未初始化的局部变量“ob”
